2025/02/19 22:01:37 Setup lumberjack logger
2025/02/19 22:01:37 ecomm
2025/02/19 22:01:37 localhost
2025/02/19 22:01:37 postgres
2025/02/19 22:01:37 macaco123
2025/02/19 22:01:37 5432
2025/02/19 22:01:42 &{0xc000008270 <nil> <nil> true true {0 0} false false false 0x3dac00}
2025/02/19 22:01:42 SELECT id, name, description, active, created_at, updated_at FROM categories WHERE id IN ($1)
2025/02/19 22:01:42 [dbf9a48b-0407-4b9c-85e9-e6b2c38b3955]
2025/02/19 22:01:42 INSERT INTO products_categories (product_id,category_id) VALUES ($1,$2)
2025/02/19 22:01:42 [89be284f-c29e-4960-bda8-d7787659e7d4 dbf9a48b-0407-4b9c-85e9-e6b2c38b3955]
2025/02/19 22:03:34 &{0xc000096168 <nil> <nil> true true {0 0} false false false 0x3dac00}
2025/02/19 22:03:34 SELECT id, name, description, active, created_at, updated_at FROM categories WHERE id IN ($1)
2025/02/19 22:03:34 [dbf9a48b-0407-4b9c-85e9-e6b2c38b3955]
2025/02/19 22:03:34 INSERT INTO products_categories (product_id,category_id) VALUES ($1,$2)
2025/02/19 22:03:34 [ce0d22bd-8d45-4d5c-bba7-a9910e03d80d dbf9a48b-0407-4b9c-85e9-e6b2c38b3955]
2025/02/19 22:03:35 &{0xc000096240 <nil> <nil> true true {0 0} false false false 0x3dac00}
2025/02/19 22:03:35 SELECT id, name, description, active, created_at, updated_at FROM categories WHERE id IN ($1)
2025/02/19 22:03:35 [dbf9a48b-0407-4b9c-85e9-e6b2c38b3955]
2025/02/19 22:03:35 INSERT INTO products_categories (product_id,category_id) VALUES ($1,$2)
2025/02/19 22:03:35 [790c558b-3a93-4b59-9017-def1779a4b35 dbf9a48b-0407-4b9c-85e9-e6b2c38b3955]
2025/02/19 22:03:35 &{0xc0000088a0 <nil> <nil> true true {0 0} false false false 0x3dac00}
2025/02/19 22:03:35 SELECT id, name, description, active, created_at, updated_at FROM categories WHERE id IN ($1)
2025/02/19 22:03:35 [dbf9a48b-0407-4b9c-85e9-e6b2c38b3955]
2025/02/19 22:03:35 INSERT INTO products_categories (product_id,category_id) VALUES ($1,$2)
2025/02/19 22:03:35 [7b6ee65e-de9d-49e5-b8a3-b4f3891c3f6d dbf9a48b-0407-4b9c-85e9-e6b2c38b3955]
2025/02/19 22:03:36 &{0xc000008b40 <nil> <nil> true true {0 0} false false false 0x3dac00}
2025/02/19 22:03:36 SELECT id, name, description, active, created_at, updated_at FROM categories WHERE id IN ($1)
2025/02/19 22:03:36 [dbf9a48b-0407-4b9c-85e9-e6b2c38b3955]
2025/02/19 22:03:36 INSERT INTO products_categories (product_id,category_id) VALUES ($1,$2)
2025/02/19 22:03:36 [3ddbabc8-3b9f-4f09-9a5e-ebc5e950f35a dbf9a48b-0407-4b9c-85e9-e6b2c38b3955]
2025/02/19 22:03:36 &{0xc000096348 <nil> <nil> true true {0 0} false false false 0x3dac00}
2025/02/19 22:03:36 SELECT id, name, description, active, created_at, updated_at FROM categories WHERE id IN ($1)
2025/02/19 22:03:36 [dbf9a48b-0407-4b9c-85e9-e6b2c38b3955]
2025/02/19 22:03:36 INSERT INTO products_categories (product_id,category_id) VALUES ($1,$2)
2025/02/19 22:03:36 [1b600788-361e-4057-884c-5240775eb8dc dbf9a48b-0407-4b9c-85e9-e6b2c38b3955]
